<?xml version="1.0" encoding="UTF-8"?>
<testsuite name="glue.steps.Runner" tests="3" skipped="0" failures="0" errors="0" timestamp="2021-03-20T14:33:24" hostname="DESKTOP-JUB55DH" time="14.992">
  <properties/>
  <testcase name="runScenario[0](&quot;Search a String in Google 3&quot;, &quot;Optional[Google Launch And Search Feature]&quot;)" classname="glue.steps.Runner" time="13.813"/>
  <testcase name="runScenario[0](&quot;Search a String in Google 1&quot;, &quot;Optional[Google Launch And Search Feature]&quot;)" classname="glue.steps.Runner" time="14.219"/>
  <testcase name="runScenario[0](&quot;Search a String in Google 2&quot;, &quot;Optional[Google Launch And Search Feature]&quot;)" classname="glue.steps.Runner" time="14.992"/>
  <system-out><![CDATA[Inside beforeAll
In beforeScenario of Search a String in Google 2
In beforeScenario of Search a String in Google 1
In beforeScenario of Search a String in Google 3
In beforeStep of Search a String in Google 1
In beforeStep of Search a String in Google 2
In beforeStep of Search a String in Google 3
****************** DB Connected ****************
In afterStep of Search a String in Google 3
In beforeStep of Search a String in Google 3
****************** DB Connected ****************
In afterStep of Search a String in Google 1
In beforeStep of Search a String in Google 1
****************** DB Connected ****************
In afterStep of Search a String in Google 2
In beforeStep of Search a String in Google 2
In afterStep of Search a String in Google 3
In beforeStep of Search a String in Google 3
Search Result Count is :: 0
In afterStep of Search a String in Google 1
In beforeStep of Search a String in Google 1
Search Result Count is :: 0
In afterStep of Search a String in Google 2
In beforeStep of Search a String in Google 2
Search Result Count is :: 0
In afterStep of Search a String in Google 3
In beforeStep of Search a String in Google 3
Search Result is :--> 0
In afterStep of Search a String in Google 1
In beforeStep of Search a String in Google 1
Search Result is :--> 0
In afterStep of Search a String in Google 3
In afterScenario of Search a String in Google 3
In afterStep of Search a String in Google 1
In afterScenario of Search a String in Google 1
In afterStep of Search a String in Google 2
In beforeStep of Search a String in Google 2
Search Result is :--> 0
In afterStep of Search a String in Google 2
In afterScenario of Search a String in Google 2
]]></system-out>
  <system-err><![CDATA[SLF4J: Failed to load class "org.slf4j.impl.StaticLoggerBinder".
SLF4J: Defaulting to no-operation (NOP) logger implementation
SLF4J: See http://www.slf4j.org/codes.html#StaticLoggerBinder for further details.
Starting ChromeDriver 89.0.4389.23 (61b08ee2c50024bab004e48d2b1b083cdbdac579-refs/branch-heads/4389@{#294}) on port 46752
Starting ChromeDriver 89.0.4389.23 (61b08ee2c50024bab004e48d2b1b083cdbdac579-refs/branch-heads/4389@{#294}) on port 17838
Only local connections are allowed.
Only local connections are allowed.
Please see https://chromedriver.chromium.org/security-considerations for suggestions on keeping ChromeDriver safe.
Please see https://chromedriver.chromium.org/security-considerations for suggestions on keeping ChromeDriver safe.
ChromeDriver was started successfully.
ChromeDriver was started successfully.
Starting ChromeDriver 89.0.4389.23 (61b08ee2c50024bab004e48d2b1b083cdbdac579-refs/branch-heads/4389@{#294}) on port 18125
Only local connections are allowed.
Please see https://chromedriver.chromium.org/security-considerations for suggestions on keeping ChromeDriver safe.
ChromeDriver was started successfully.
Mar 20, 2021 8:03:29 PM org.openqa.selenium.remote.ProtocolHandshake createSession
INFO: Detected dialect: W3C
Mar 20, 2021 8:03:29 PM org.openqa.selenium.remote.ProtocolHandshake createSession
INFO: Detected dialect: W3C
Mar 20, 2021 8:03:30 PM org.openqa.selenium.remote.ProtocolHandshake createSession
INFO: Detected dialect: W3C
Mar 20, 2021 8:03:30 PM org.openqa.selenium.devtools.CdpVersionFinder findNearestMatch
INFO: Found exact CDP implementation for version 89
Mar 20, 2021 8:03:30 PM org.openqa.selenium.devtools.CdpVersionFinder findNearestMatch
INFO: Found exact CDP implementation for version 89
Mar 20, 2021 8:03:30 PM org.openqa.selenium.devtools.CdpVersionFinder findNearestMatch
INFO: Found exact CDP implementation for version 89
]]></system-err>
</testsuite>
